<?xml version="1.0" encoding="UTF-8"?>
<coverage generated="1506441829">
  <project timestamp="1506441829">
    <package name="OneLogin\api">
      <file name="/home/pitbulk/proyectos/onelogin-php-sdk/src/OneLoginClient.php">
        <class name="OneLoginClient" namespace="OneLogin\api">
          <metrics complexity="227" methods="52" coveredmethods="0" conditionals="0" coveredconditionals="0" statements="1090" coveredstatements="0" elements="1142" coveredelements="0"/>
        </class>
        <line num="65" type="method" name="__construct" visibility="public" complexity="1" crap="2" count="0"/>
        <line num="67" type="stmt" count="0"/>
        <line num="68" type="stmt" count="0"/>
        <line num="69" type="stmt" count="0"/>
        <line num="70" type="stmt" count="0"/>
        <line num="71" type="stmt" count="0"/>
        <line num="72" type="stmt" count="0"/>
        <line num="77" type="method" name="cleanError" visibility="public" complexity="1" crap="2" count="0"/>
        <line num="79" type="stmt" count="0"/>
        <line num="80" type="stmt" count="0"/>
        <line num="81" type="stmt" count="0"/>
        <line num="83" type="method" name="getUrl" visibility="public" complexity="1" crap="2" count="0"/>
        <line num="85" type="stmt" count="0"/>
        <line num="88" type="method" name="getError" visibility="public" complexity="1" crap="2" count="0"/>
        <line num="90" type="stmt" count="0"/>
        <line num="93" type="method" name="getErrorDescription" visibility="public" complexity="1" crap="2" count="0"/>
        <line num="95" type="stmt" count="0"/>
        <line num="98" type="method" name="extractErrorMessageFromResponse" visibility="protected" complexity="4" crap="20" count="0"/>
        <line num="100" type="stmt" count="0"/>
        <line num="101" type="stmt" count="0"/>
        <line num="102" type="stmt" count="0"/>
        <line num="103" type="stmt" count="0"/>
        <line num="104" type="stmt" count="0"/>
        <line num="105" type="stmt" count="0"/>
        <line num="106" type="stmt" count="0"/>
        <line num="107" type="stmt" count="0"/>
        <line num="108" type="stmt" count="0"/>
        <line num="109" type="stmt" count="0"/>
        <line num="112" type="method" name="handleTokenResponse" visibility="protected" complexity="2" crap="6" count="0"/>
        <line num="114" type="stmt" count="0"/>
        <line num="115" type="stmt" count="0"/>
        <line num="116" type="stmt" count="0"/>
        <line num="117" type="stmt" count="0"/>
        <line num="118" type="stmt" count="0"/>
        <line num="119" type="stmt" count="0"/>
        <line num="122" type="method" name="handleSessionTokenResponse" visibility="protected" complexity="6" crap="42" count="0"/>
        <line num="124" type="stmt" count="0"/>
        <line num="125" type="stmt" count="0"/>
        <line num="126" type="stmt" count="0"/>
        <line num="127" type="stmt" count="0"/>
        <line num="128" type="stmt" count="0"/>
        <line num="129" type="stmt" count="0"/>
        <line num="130" type="stmt" count="0"/>
        <line num="131" type="stmt" count="0"/>
        <line num="132" type="stmt" count="0"/>
        <line num="134" type="stmt" count="0"/>
        <line num="135" type="stmt" count="0"/>
        <line num="138" type="method" name="handleSAMLEndpointResponse" visibility="protected" complexity="6" crap="42" count="0"/>
        <line num="140" type="stmt" count="0"/>
        <line num="141" type="stmt" count="0"/>
        <line num="142" type="stmt" count="0"/>
        <line num="143" type="stmt" count="0"/>
        <line num="144" type="stmt" count="0"/>
        <line num="145" type="stmt" count="0"/>
        <line num="147" type="stmt" count="0"/>
        <line num="148" type="stmt" count="0"/>
        <line num="149" type="stmt" count="0"/>
        <line num="150" type="stmt" count="0"/>
        <line num="151" type="stmt" count="0"/>
        <line num="152" type="stmt" count="0"/>
        <line num="154" type="stmt" count="0"/>
        <line num="155" type="stmt" count="0"/>
        <line num="158" type="method" name="handleDataResponse" visibility="protected" complexity="2" crap="6" count="0"/>
        <line num="160" type="stmt" count="0"/>
        <line num="161" type="stmt" count="0"/>
        <line num="162" type="stmt" count="0"/>
        <line num="163" type="stmt" count="0"/>
        <line num="164" type="stmt" count="0"/>
        <line num="165" type="stmt" count="0"/>
        <line num="168" type="method" name="handleOperationResponse" visibility="protected" complexity="4" crap="20" count="0"/>
        <line num="170" type="stmt" count="0"/>
        <line num="171" type="stmt" count="0"/>
        <line num="172" type="stmt" count="0"/>
        <line num="173" type="stmt" count="0"/>
        <line num="174" type="stmt" count="0"/>
        <line num="175" type="stmt" count="0"/>
        <line num="178" type="method" name="retrieveAppsFromXML" visibility="public" complexity="4" crap="20" count="0"/>
        <line num="180" type="stmt" count="0"/>
        <line num="181" type="stmt" count="0"/>
        <line num="182" type="stmt" count="0"/>
        <line num="183" type="stmt" count="0"/>
        <line num="184" type="stmt" count="0"/>
        <line num="185" type="stmt" count="0"/>
        <line num="186" type="stmt" count="0"/>
        <line num="187" type="stmt" count="0"/>
        <line num="188" type="stmt" count="0"/>
        <line num="189" type="stmt" count="0"/>
        <line num="190" type="stmt" count="0"/>
        <line num="191" type="stmt" count="0"/>
        <line num="192" type="stmt" count="0"/>
        <line num="193" type="stmt" count="0"/>
        <line num="194" type="stmt" count="0"/>
        <line num="195" type="stmt" count="0"/>
        <line num="196" type="stmt" count="0"/>
        <line num="199" type="method" name="getAuthorization" visibility="protected" complexity="2" crap="6" count="0"/>
        <line num="201" type="stmt" count="0"/>
        <line num="202" type="stmt" count="0"/>
        <line num="203" type="stmt" count="0"/>
        <line num="204" type="stmt" count="0"/>
        <line num="206" type="stmt" count="0"/>
        <line num="209" type="method" name="getBeforeCursor" visibility="protected" complexity="4" crap="20" count="0"/>
        <line num="211" type="stmt" count="0"/>
        <line num="212" type="stmt" count="0"/>
        <line num="213" type="stmt" count="0"/>
        <line num="214" type="stmt" count="0"/>
        <line num="215" type="stmt" count="0"/>
        <line num="216" type="stmt" count="0"/>
        <line num="217" type="stmt" count="0"/>
        <line num="218" type="stmt" count="0"/>
        <line num="221" type="method" name="getAfterCursor" visibility="protected" complexity="4" crap="20" count="0"/>
        <line num="223" type="stmt" count="0"/>
        <line num="224" type="stmt" count="0"/>
        <line num="225" type="stmt" count="0"/>
        <line num="226" type="stmt" count="0"/>
        <line num="227" type="stmt" count="0"/>
        <line num="228" type="stmt" count="0"/>
        <line num="229" type="stmt" count="0"/>
        <line num="230" type="stmt" count="0"/>
        <line num="233" type="method" name="isExpired" visibility="public" complexity="2" crap="6" count="0"/>
        <line num="235" type="stmt" count="0"/>
        <line num="236" type="stmt" count="0"/>
        <line num="239" type="method" name="prepareToken" visibility="protected" complexity="3" crap="12" count="0"/>
        <line num="241" type="stmt" count="0"/>
        <line num="242" type="stmt" count="0"/>
        <line num="243" type="stmt" count="0"/>
        <line num="244" type="stmt" count="0"/>
        <line num="245" type="stmt" count="0"/>
        <line num="246" type="stmt" count="0"/>
        <line num="258" type="method" name="getAccessToken" visibility="public" complexity="4" crap="20" count="0"/>
        <line num="260" type="stmt" count="0"/>
        <line num="262" type="stmt" count="0"/>
        <line num="263" type="stmt" count="0"/>
        <line num="267" type="stmt" count="0"/>
        <line num="269" type="stmt" count="0"/>
        <line num="270" type="stmt" count="0"/>
        <line num="271" type="stmt" count="0"/>
        <line num="273" type="stmt" count="0"/>
        <line num="274" type="stmt" count="0"/>
        <line num="276" type="stmt" count="0"/>
        <line num="278" type="stmt" count="0"/>
        <line num="279" type="stmt" count="0"/>
        <line num="281" type="stmt" count="0"/>
        <line num="282" type="stmt" count="0"/>
        <line num="283" type="stmt" count="0"/>
        <line num="284" type="stmt" count="0"/>
        <line num="285" type="stmt" count="0"/>
        <line num="286" type="stmt" count="0"/>
        <line num="287" type="stmt" count="0"/>
        <line num="288" type="stmt" count="0"/>
        <line num="289" type="stmt" count="0"/>
        <line num="290" type="stmt" count="0"/>
        <line num="291" type="stmt" count="0"/>
        <line num="292" type="stmt" count="0"/>
        <line num="293" type="stmt" count="0"/>
        <line num="294" type="stmt" count="0"/>
        <line num="296" type="stmt" count="0"/>
        <line num="303" type="method" name="refreshToken" visibility="public" complexity="6" crap="42" count="0"/>
        <line num="305" type="stmt" count="0"/>
        <line num="307" type="stmt" count="0"/>
        <line num="308" type="stmt" count="0"/>
        <line num="311" type="stmt" count="0"/>
        <line num="314" type="stmt" count="0"/>
        <line num="315" type="stmt" count="0"/>
        <line num="318" type="stmt" count="0"/>
        <line num="319" type="stmt" count="0"/>
        <line num="320" type="stmt" count="0"/>
        <line num="321" type="stmt" count="0"/>
        <line num="323" type="stmt" count="0"/>
        <line num="324" type="stmt" count="0"/>
        <line num="326" type="stmt" count="0"/>
        <line num="328" type="stmt" count="0"/>
        <line num="329" type="stmt" count="0"/>
        <line num="331" type="stmt" count="0"/>
        <line num="332" type="stmt" count="0"/>
        <line num="333" type="stmt" count="0"/>
        <line num="334" type="stmt" count="0"/>
        <line num="335" type="stmt" count="0"/>
        <line num="336" type="stmt" count="0"/>
        <line num="337" type="stmt" count="0"/>
        <line num="338" type="stmt" count="0"/>
        <line num="339" type="stmt" count="0"/>
        <line num="340" type="stmt" count="0"/>
        <line num="341" type="stmt" count="0"/>
        <line num="342" type="stmt" count="0"/>
        <line num="343" type="stmt" count="0"/>
        <line num="344" type="stmt" count="0"/>
        <line num="346" type="stmt" count="0"/>
        <line num="353" type="method" name="revokeToken" visibility="public" complexity="5" crap="30" count="0"/>
        <line num="355" type="stmt" count="0"/>
        <line num="357" type="stmt" count="0"/>
        <line num="358" type="stmt" count="0"/>
        <line num="361" type="stmt" count="0"/>
        <line num="362" type="stmt" count="0"/>
        <line num="365" type="stmt" count="0"/>
        <line num="366" type="stmt" count="0"/>
        <line num="368" type="stmt" count="0"/>
        <line num="369" type="stmt" count="0"/>
        <line num="370" type="stmt" count="0"/>
        <line num="372" type="stmt" count="0"/>
        <line num="373" type="stmt" count="0"/>
        <line num="375" type="stmt" count="0"/>
        <line num="377" type="stmt" count="0"/>
        <line num="378" type="stmt" count="0"/>
        <line num="380" type="stmt" count="0"/>
        <line num="381" type="stmt" count="0"/>
        <line num="382" type="stmt" count="0"/>
        <line num="383" type="stmt" count="0"/>
        <line num="384" type="stmt" count="0"/>
        <line num="386" type="stmt" count="0"/>
        <line num="387" type="stmt" count="0"/>
        <line num="389" type="stmt" count="0"/>
        <line num="390" type="stmt" count="0"/>
        <line num="391" type="stmt" count="0"/>
        <line num="392" type="stmt" count="0"/>
        <line num="393" type="stmt" count="0"/>
        <line num="394" type="stmt" count="0"/>
        <line num="395" type="stmt" count="0"/>
        <line num="397" type="stmt" count="0"/>
        <line num="407" type="method" name="getRateLimit" visibility="public" complexity="4" crap="20" count="0"/>
        <line num="409" type="stmt" count="0"/>
        <line num="410" type="stmt" count="0"/>
        <line num="413" type="stmt" count="0"/>
        <line num="414" type="stmt" count="0"/>
        <line num="417" type="stmt" count="0"/>
        <line num="418" type="stmt" count="0"/>
        <line num="419" type="stmt" count="0"/>
        <line num="420" type="stmt" count="0"/>
        <line num="422" type="stmt" count="0"/>
        <line num="423" type="stmt" count="0"/>
        <line num="426" type="stmt" count="0"/>
        <line num="427" type="stmt" count="0"/>
        <line num="428" type="stmt" count="0"/>
        <line num="429" type="stmt" count="0"/>
        <line num="430" type="stmt" count="0"/>
        <line num="432" type="stmt" count="0"/>
        <line num="433" type="stmt" count="0"/>
        <line num="434" type="stmt" count="0"/>
        <line num="435" type="stmt" count="0"/>
        <line num="436" type="stmt" count="0"/>
        <line num="437" type="stmt" count="0"/>
        <line num="438" type="stmt" count="0"/>
        <line num="440" type="stmt" count="0"/>
        <line num="457" type="method" name="getUsers" visibility="public" complexity="16" crap="272" count="0"/>
        <line num="459" type="stmt" count="0"/>
        <line num="460" type="stmt" count="0"/>
        <line num="461" type="stmt" count="0"/>
        <line num="464" type="stmt" count="0"/>
        <line num="466" type="stmt" count="0"/>
        <line num="467" type="stmt" count="0"/>
        <line num="468" type="stmt" count="0"/>
        <line num="469" type="stmt" count="0"/>
        <line num="473" type="stmt" count="0"/>
        <line num="475" type="stmt" count="0"/>
        <line num="476" type="stmt" count="0"/>
        <line num="477" type="stmt" count="0"/>
        <line num="478" type="stmt" count="0"/>
        <line num="480" type="stmt" count="0"/>
        <line num="481" type="stmt" count="0"/>
        <line num="482" type="stmt" count="0"/>
        <line num="483" type="stmt" count="0"/>
        <line num="484" type="stmt" count="0"/>
        <line num="485" type="stmt" count="0"/>
        <line num="486" type="stmt" count="0"/>
        <line num="487" type="stmt" count="0"/>
        <line num="489" type="stmt" count="0"/>
        <line num="491" type="stmt" count="0"/>
        <line num="492" type="stmt" count="0"/>
        <line num="493" type="stmt" count="0"/>
        <line num="494" type="stmt" count="0"/>
        <line num="495" type="stmt" count="0"/>
        <line num="497" type="stmt" count="0"/>
        <line num="498" type="stmt" count="0"/>
        <line num="500" type="stmt" count="0"/>
        <line num="501" type="stmt" count="0"/>
        <line num="502" type="stmt" count="0"/>
        <line num="503" type="stmt" count="0"/>
        <line num="504" type="stmt" count="0"/>
        <line num="505" type="stmt" count="0"/>
        <line num="507" type="stmt" count="0"/>
        <line num="508" type="stmt" count="0"/>
        <line num="510" type="stmt" count="0"/>
        <line num="511" type="stmt" count="0"/>
        <line num="512" type="stmt" count="0"/>
        <line num="513" type="stmt" count="0"/>
        <line num="514" type="stmt" count="0"/>
        <line num="515" type="stmt" count="0"/>
        <line num="516" type="stmt" count="0"/>
        <line num="517" type="stmt" count="0"/>
        <line num="518" type="stmt" count="0"/>
        <line num="519" type="stmt" count="0"/>
        <line num="520" type="stmt" count="0"/>
        <line num="521" type="stmt" count="0"/>
        <line num="522" type="stmt" count="0"/>
        <line num="523" type="stmt" count="0"/>
        <line num="524" type="stmt" count="0"/>
        <line num="525" type="stmt" count="0"/>
        <line num="526" type="stmt" count="0"/>
        <line num="527" type="stmt" count="0"/>
        <line num="528" type="stmt" count="0"/>
        <line num="530" type="stmt" count="0"/>
        <line num="542" type="method" name="getUser" visibility="public" complexity="4" crap="20" count="0"/>
        <line num="544" type="stmt" count="0"/>
        <line num="545" type="stmt" count="0"/>
        <line num="548" type="stmt" count="0"/>
        <line num="550" type="stmt" count="0"/>
        <line num="553" type="stmt" count="0"/>
        <line num="554" type="stmt" count="0"/>
        <line num="555" type="stmt" count="0"/>
        <line num="556" type="stmt" count="0"/>
        <line num="560" type="stmt" count="0"/>
        <line num="562" type="stmt" count="0"/>
        <line num="563" type="stmt" count="0"/>
        <line num="566" type="stmt" count="0"/>
        <line num="567" type="stmt" count="0"/>
        <line num="568" type="stmt" count="0"/>
        <line num="569" type="stmt" count="0"/>
        <line num="570" type="stmt" count="0"/>
        <line num="572" type="stmt" count="0"/>
        <line num="573" type="stmt" count="0"/>
        <line num="574" type="stmt" count="0"/>
        <line num="575" type="stmt" count="0"/>
        <line num="576" type="stmt" count="0"/>
        <line num="577" type="stmt" count="0"/>
        <line num="578" type="stmt" count="0"/>
        <line num="580" type="stmt" count="0"/>
        <line num="592" type="method" name="getUserApps" visibility="public" complexity="5" crap="30" count="0"/>
        <line num="594" type="stmt" count="0"/>
        <line num="595" type="stmt" count="0"/>
        <line num="598" type="stmt" count="0"/>
        <line num="600" type="stmt" count="0"/>
        <line num="603" type="stmt" count="0"/>
        <line num="604" type="stmt" count="0"/>
        <line num="605" type="stmt" count="0"/>
        <line num="606" type="stmt" count="0"/>
        <line num="610" type="stmt" count="0"/>
        <line num="612" type="stmt" count="0"/>
        <line num="613" type="stmt" count="0"/>
        <line num="616" type="stmt" count="0"/>
        <line num="617" type="stmt" count="0"/>
        <line num="618" type="stmt" count="0"/>
        <line num="619" type="stmt" count="0"/>
        <line num="620" type="stmt" count="0"/>
        <line num="621" type="stmt" count="0"/>
        <line num="622" type="stmt" count="0"/>
        <line num="623" type="stmt" count="0"/>
        <line num="624" type="stmt" count="0"/>
        <line num="625" type="stmt" count="0"/>
        <line num="626" type="stmt" count="0"/>
        <line num="627" type="stmt" count="0"/>
        <line num="628" type="stmt" count="0"/>
        <line num="629" type="stmt" count="0"/>
        <line num="630" type="stmt" count="0"/>
        <line num="631" type="stmt" count="0"/>
        <line num="632" type="stmt" count="0"/>
        <line num="634" type="stmt" count="0"/>
        <line num="646" type="method" name="getUserRoles" visibility="public" complexity="4" crap="20" count="0"/>
        <line num="648" type="stmt" count="0"/>
        <line num="649" type="stmt" count="0"/>
        <line num="652" type="stmt" count="0"/>
        <line num="654" type="stmt" count="0"/>
        <line num="657" type="stmt" count="0"/>
        <line num="658" type="stmt" count="0"/>
        <line num="659" type="stmt" count="0"/>
        <line num="660" type="stmt" count="0"/>
        <line num="664" type="stmt" count="0"/>
        <line num="666" type="stmt" count="0"/>
        <line num="667" type="stmt" count="0"/>
        <line num="670" type="stmt" count="0"/>
        <line num="671" type="stmt" count="0"/>
        <line num="672" type="stmt" count="0"/>
        <line num="673" type="stmt" count="0"/>
        <line num="674" type="stmt" count="0"/>
        <line num="675" type="stmt" count="0"/>
        <line num="676" type="stmt" count="0"/>
        <line num="677" type="stmt" count="0"/>
        <line num="678" type="stmt" count="0"/>
        <line num="679" type="stmt" count="0"/>
        <line num="680" type="stmt" count="0"/>
        <line num="681" type="stmt" count="0"/>
        <line num="682" type="stmt" count="0"/>
        <line num="683" type="stmt" count="0"/>
        <line num="684" type="stmt" count="0"/>
        <line num="686" type="stmt" count="0"/>
        <line num="695" type="method" name="getCustomAttributes" visibility="public" complexity="4" crap="20" count="0"/>
        <line num="697" type="stmt" count="0"/>
        <line num="698" type="stmt" count="0"/>
        <line num="701" type="stmt" count="0"/>
        <line num="703" type="stmt" count="0"/>
        <line num="706" type="stmt" count="0"/>
        <line num="707" type="stmt" count="0"/>
        <line num="708" type="stmt" count="0"/>
        <line num="709" type="stmt" count="0"/>
        <line num="711" type="stmt" count="0"/>
        <line num="712" type="stmt" count="0"/>
        <line num="715" type="stmt" count="0"/>
        <line num="716" type="stmt" count="0"/>
        <line num="717" type="stmt" count="0"/>
        <line num="718" type="stmt" count="0"/>
        <line num="719" type="stmt" count="0"/>
        <line num="720" type="stmt" count="0"/>
        <line num="721" type="stmt" count="0"/>
        <line num="722" type="stmt" count="0"/>
        <line num="723" type="stmt" count="0"/>
        <line num="724" type="stmt" count="0"/>
        <line num="725" type="stmt" count="0"/>
        <line num="726" type="stmt" count="0"/>
        <line num="727" type="stmt" count="0"/>
        <line num="728" type="stmt" count="0"/>
        <line num="729" type="stmt" count="0"/>
        <line num="731" type="stmt" count="0"/>
        <line num="748" type="method" name="createUser" visibility="public" complexity="4" crap="20" count="0"/>
        <line num="750" type="stmt" count="0"/>
        <line num="751" type="stmt" count="0"/>
        <line num="754" type="stmt" count="0"/>
        <line num="756" type="stmt" count="0"/>
        <line num="759" type="stmt" count="0"/>
        <line num="760" type="stmt" count="0"/>
        <line num="761" type="stmt" count="0"/>
        <line num="763" type="stmt" count="0"/>
        <line num="764" type="stmt" count="0"/>
        <line num="766" type="stmt" count="0"/>
        <line num="768" type="stmt" count="0"/>
        <line num="769" type="stmt" count="0"/>
        <line num="771" type="stmt" count="0"/>
        <line num="772" type="stmt" count="0"/>
        <line num="773" type="stmt" count="0"/>
        <line num="775" type="stmt" count="0"/>
        <line num="776" type="stmt" count="0"/>
        <line num="777" type="stmt" count="0"/>
        <line num="778" type="stmt" count="0"/>
        <line num="779" type="stmt" count="0"/>
        <line num="780" type="stmt" count="0"/>
        <line num="781" type="stmt" count="0"/>
        <line num="783" type="stmt" count="0"/>
        <line num="802" type="method" name="updateUser" visibility="public" complexity="4" crap="20" count="0"/>
        <line num="804" type="stmt" count="0"/>
        <line num="805" type="stmt" count="0"/>
        <line num="808" type="stmt" count="0"/>
        <line num="810" type="stmt" count="0"/>
        <line num="813" type="stmt" count="0"/>
        <line num="814" type="stmt" count="0"/>
        <line num="815" type="stmt" count="0"/>
        <line num="817" type="stmt" count="0"/>
        <line num="818" type="stmt" count="0"/>
        <line num="820" type="stmt" count="0"/>
        <line num="822" type="stmt" count="0"/>
        <line num="823" type="stmt" count="0"/>
        <line num="825" type="stmt" count="0"/>
        <line num="826" type="stmt" count="0"/>
        <line num="827" type="stmt" count="0"/>
        <line num="829" type="stmt" count="0"/>
        <line num="830" type="stmt" count="0"/>
        <line num="831" type="stmt" count="0"/>
        <line num="832" type="stmt" count="0"/>
        <line num="833" type="stmt" count="0"/>
        <line num="834" type="stmt" count="0"/>
        <line num="835" type="stmt" count="0"/>
        <line num="837" type="stmt" count="0"/>
        <line num="851" type="method" name="assignRoleToUser" visibility="public" complexity="3" crap="12" count="0"/>
        <line num="853" type="stmt" count="0"/>
        <line num="854" type="stmt" count="0"/>
        <line num="857" type="stmt" count="0"/>
        <line num="859" type="stmt" count="0"/>
        <line num="862" type="stmt" count="0"/>
        <line num="863" type="stmt" count="0"/>
        <line num="866" type="stmt" count="0"/>
        <line num="867" type="stmt" count="0"/>
        <line num="868" type="stmt" count="0"/>
        <line num="870" type="stmt" count="0"/>
        <line num="871" type="stmt" count="0"/>
        <line num="873" type="stmt" count="0"/>
        <line num="875" type="stmt" count="0"/>
        <line num="876" type="stmt" count="0"/>
        <line num="877" type="stmt" count="0"/>
        <line num="878" type="stmt" count="0"/>
        <line num="879" type="stmt" count="0"/>
        <line num="880" type="stmt" count="0"/>
        <line num="881" type="stmt" count="0"/>
        <line num="882" type="stmt" count="0"/>
        <line num="883" type="stmt" count="0"/>
        <line num="884" type="stmt" count="0"/>
        <line num="886" type="stmt" count="0"/>
        <line num="901" type="method" name="removeRoleFromUser" visibility="public" complexity="3" crap="12" count="0"/>
        <line num="903" type="stmt" count="0"/>
        <line num="904" type="stmt" count="0"/>
        <line num="907" type="stmt" count="0"/>
        <line num="909" type="stmt" count="0"/>
        <line num="912" type="stmt" count="0"/>
        <line num="913" type="stmt" count="0"/>
        <line num="916" type="stmt" count="0"/>
        <line num="917" type="stmt" count="0"/>
        <line num="918" type="stmt" count="0"/>
        <line num="920" type="stmt" count="0"/>
        <line num="921" type="stmt" count="0"/>
        <line num="923" type="stmt" count="0"/>
        <line num="925" type="stmt" count="0"/>
        <line num="926" type="stmt" count="0"/>
        <line num="927" type="stmt" count="0"/>
        <line num="928" type="stmt" count="0"/>
        <line num="929" type="stmt" count="0"/>
        <line num="930" type="stmt" count="0"/>
        <line num="931" type="stmt" count="0"/>
        <line num="932" type="stmt" count="0"/>
        <line num="933" type="stmt" count="0"/>
        <line num="934" type="stmt" count="0"/>
        <line num="936" type="stmt" count="0"/>
        <line num="953" type="method" name="setPasswordUsingClearText" visibility="public" complexity="3" crap="12" count="0"/>
        <line num="955" type="stmt" count="0"/>
        <line num="956" type="stmt" count="0"/>
        <line num="959" type="stmt" count="0"/>
        <line num="961" type="stmt" count="0"/>
        <line num="964" type="stmt" count="0"/>
        <line num="966" type="stmt" count="0"/>
        <line num="969" type="stmt" count="0"/>
        <line num="970" type="stmt" count="0"/>
        <line num="971" type="stmt" count="0"/>
        <line num="973" type="stmt" count="0"/>
        <line num="974" type="stmt" count="0"/>
        <line num="976" type="stmt" count="0"/>
        <line num="978" type="stmt" count="0"/>
        <line num="979" type="stmt" count="0"/>
        <line num="980" type="stmt" count="0"/>
        <line num="981" type="stmt" count="0"/>
        <line num="982" type="stmt" count="0"/>
        <line num="983" type="stmt" count="0"/>
        <line num="984" type="stmt" count="0"/>
        <line num="985" type="stmt" count="0"/>
        <line num="986" type="stmt" count="0"/>
        <line num="987" type="stmt" count="0"/>
        <line num="989" type="stmt" count="0"/>
        <line num="1010" type="method" name="setPasswordUsingHashSalt" visibility="public" complexity="4" crap="20" count="0"/>
        <line num="1012" type="stmt" count="0"/>
        <line num="1013" type="stmt" count="0"/>
        <line num="1016" type="stmt" count="0"/>
        <line num="1018" type="stmt" count="0"/>
        <line num="1021" type="stmt" count="0"/>
        <line num="1022" type="stmt" count="0"/>
        <line num="1024" type="stmt" count="0"/>
        <line num="1026" type="stmt" count="0"/>
        <line num="1027" type="stmt" count="0"/>
        <line num="1028" type="stmt" count="0"/>
        <line num="1031" type="stmt" count="0"/>
        <line num="1032" type="stmt" count="0"/>
        <line num="1033" type="stmt" count="0"/>
        <line num="1035" type="stmt" count="0"/>
        <line num="1036" type="stmt" count="0"/>
        <line num="1038" type="stmt" count="0"/>
        <line num="1040" type="stmt" count="0"/>
        <line num="1041" type="stmt" count="0"/>
        <line num="1042" type="stmt" count="0"/>
        <line num="1043" type="stmt" count="0"/>
        <line num="1044" type="stmt" count="0"/>
        <line num="1045" type="stmt" count="0"/>
        <line num="1046" type="stmt" count="0"/>
        <line num="1047" type="stmt" count="0"/>
        <line num="1048" type="stmt" count="0"/>
        <line num="1049" type="stmt" count="0"/>
        <line num="1051" type="stmt" count="0"/>
        <line num="1066" type="method" name="setCustomAttributeToUser" visibility="public" complexity="3" crap="12" count="0"/>
        <line num="1068" type="stmt" count="0"/>
        <line num="1069" type="stmt" count="0"/>
        <line num="1072" type="stmt" count="0"/>
        <line num="1074" type="stmt" count="0"/>
        <line num="1078" type="stmt" count="0"/>
        <line num="1081" type="stmt" count="0"/>
        <line num="1082" type="stmt" count="0"/>
        <line num="1083" type="stmt" count="0"/>
        <line num="1085" type="stmt" count="0"/>
        <line num="1086" type="stmt" count="0"/>
        <line num="1088" type="stmt" count="0"/>
        <line num="1090" type="stmt" count="0"/>
        <line num="1091" type="stmt" count="0"/>
        <line num="1092" type="stmt" count="0"/>
        <line num="1093" type="stmt" count="0"/>
        <line num="1094" type="stmt" count="0"/>
        <line num="1095" type="stmt" count="0"/>
        <line num="1096" type="stmt" count="0"/>
        <line num="1097" type="stmt" count="0"/>
        <line num="1098" type="stmt" count="0"/>
        <line num="1099" type="stmt" count="0"/>
        <line num="1101" type="stmt" count="0"/>
        <line num="1114" type="method" name="logUserOut" visibility="public" complexity="3" crap="12" count="0"/>
        <line num="1116" type="stmt" count="0"/>
        <line num="1117" type="stmt" count="0"/>
        <line num="1120" type="stmt" count="0"/>
        <line num="1122" type="stmt" count="0"/>
        <line num="1125" type="stmt" count="0"/>
        <line num="1126" type="stmt" count="0"/>
        <line num="1127" type="stmt" count="0"/>
        <line num="1129" type="stmt" count="0"/>
        <line num="1130" type="stmt" count="0"/>
        <line num="1133" type="stmt" count="0"/>
        <line num="1134" type="stmt" count="0"/>
        <line num="1135" type="stmt" count="0"/>
        <line num="1136" type="stmt" count="0"/>
        <line num="1137" type="stmt" count="0"/>
        <line num="1138" type="stmt" count="0"/>
        <line num="1139" type="stmt" count="0"/>
        <line num="1140" type="stmt" count="0"/>
        <line num="1141" type="stmt" count="0"/>
        <line num="1142" type="stmt" count="0"/>
        <line num="1144" type="stmt" count="0"/>
        <line num="1161" type="method" name="lockUser" visibility="public" complexity="3" crap="12" count="0"/>
        <line num="1163" type="stmt" count="0"/>
        <line num="1164" type="stmt" count="0"/>
        <line num="1167" type="stmt" count="0"/>
        <line num="1169" type="stmt" count="0"/>
        <line num="1173" type="stmt" count="0"/>
        <line num="1176" type="stmt" count="0"/>
        <line num="1177" type="stmt" count="0"/>
        <line num="1178" type="stmt" count="0"/>
        <line num="1180" type="stmt" count="0"/>
        <line num="1181" type="stmt" count="0"/>
        <line num="1183" type="stmt" count="0"/>
        <line num="1185" type="stmt" count="0"/>
        <line num="1186" type="stmt" count="0"/>
        <line num="1187" type="stmt" count="0"/>
        <line num="1188" type="stmt" count="0"/>
        <line num="1189" type="stmt" count="0"/>
        <line num="1190" type="stmt" count="0"/>
        <line num="1191" type="stmt" count="0"/>
        <line num="1192" type="stmt" count="0"/>
        <line num="1193" type="stmt" count="0"/>
        <line num="1194" type="stmt" count="0"/>
        <line num="1196" type="stmt" count="0"/>
        <line num="1209" type="method" name="deleteUser" visibility="public" complexity="3" crap="12" count="0"/>
        <line num="1211" type="stmt" count="0"/>
        <line num="1212" type="stmt" count="0"/>
        <line num="1215" type="stmt" count="0"/>
        <line num="1217" type="stmt" count="0"/>
        <line num="1220" type="stmt" count="0"/>
        <line num="1221" type="stmt" count="0"/>
        <line num="1222" type="stmt" count="0"/>
        <line num="1224" type="stmt" count="0"/>
        <line num="1225" type="stmt" count="0"/>
        <line num="1228" type="stmt" count="0"/>
        <line num="1229" type="stmt" count="0"/>
        <line num="1231" type="stmt" count="0"/>
        <line num="1232" type="stmt" count="0"/>
        <line num="1233" type="stmt" count="0"/>
        <line num="1234" type="stmt" count="0"/>
        <line num="1235" type="stmt" count="0"/>
        <line num="1236" type="stmt" count="0"/>
        <line num="1237" type="stmt" count="0"/>
        <line num="1238" type="stmt" count="0"/>
        <line num="1240" type="stmt" count="0"/>
        <line num="1262" type="method" name="createSessionLoginToken" visibility="public" complexity="4" crap="20" count="0"/>
        <line num="1264" type="stmt" count="0"/>
        <line num="1265" type="stmt" count="0"/>
        <line num="1268" type="stmt" count="0"/>
        <line num="1270" type="stmt" count="0"/>
        <line num="1273" type="stmt" count="0"/>
        <line num="1274" type="stmt" count="0"/>
        <line num="1275" type="stmt" count="0"/>
        <line num="1277" type="stmt" count="0"/>
        <line num="1278" type="stmt" count="0"/>
        <line num="1279" type="stmt" count="0"/>
        <line num="1281" type="stmt" count="0"/>
        <line num="1282" type="stmt" count="0"/>
        <line num="1284" type="stmt" count="0"/>
        <line num="1286" type="stmt" count="0"/>
        <line num="1287" type="stmt" count="0"/>
        <line num="1289" type="stmt" count="0"/>
        <line num="1290" type="stmt" count="0"/>
        <line num="1291" type="stmt" count="0"/>
        <line num="1292" type="stmt" count="0"/>
        <line num="1293" type="stmt" count="0"/>
        <line num="1294" type="stmt" count="0"/>
        <line num="1295" type="stmt" count="0"/>
        <line num="1296" type="stmt" count="0"/>
        <line num="1297" type="stmt" count="0"/>
        <line num="1299" type="stmt" count="0"/>
        <line num="1315" type="method" name="getSessionTokenVerified" visibility="public" complexity="4" crap="20" count="0"/>
        <line num="1317" type="stmt" count="0"/>
        <line num="1318" type="stmt" count="0"/>
        <line num="1321" type="stmt" count="0"/>
        <line num="1323" type="stmt" count="0"/>
        <line num="1326" type="stmt" count="0"/>
        <line num="1328" type="stmt" count="0"/>
        <line num="1330" type="stmt" count="0"/>
        <line num="1331" type="stmt" count="0"/>
        <line num="1332" type="stmt" count="0"/>
        <line num="1335" type="stmt" count="0"/>
        <line num="1336" type="stmt" count="0"/>
        <line num="1337" type="stmt" count="0"/>
        <line num="1339" type="stmt" count="0"/>
        <line num="1340" type="stmt" count="0"/>
        <line num="1342" type="stmt" count="0"/>
        <line num="1344" type="stmt" count="0"/>
        <line num="1345" type="stmt" count="0"/>
        <line num="1347" type="stmt" count="0"/>
        <line num="1348" type="stmt" count="0"/>
        <line num="1349" type="stmt" count="0"/>
        <line num="1350" type="stmt" count="0"/>
        <line num="1351" type="stmt" count="0"/>
        <line num="1352" type="stmt" count="0"/>
        <line num="1353" type="stmt" count="0"/>
        <line num="1354" type="stmt" count="0"/>
        <line num="1355" type="stmt" count="0"/>
        <line num="1357" type="stmt" count="0"/>
        <line num="1369" type="method" name="createSessionViaToken" visibility="public" complexity="4" crap="20" count="0"/>
        <line num="1371" type="stmt" count="0"/>
        <line num="1372" type="stmt" count="0"/>
        <line num="1375" type="stmt" count="0"/>
        <line num="1379" type="stmt" count="0"/>
        <line num="1382" type="stmt" count="0"/>
        <line num="1383" type="stmt" count="0"/>
        <line num="1385" type="stmt" count="0"/>
        <line num="1386" type="stmt" count="0"/>
        <line num="1388" type="stmt" count="0"/>
        <line num="1390" type="stmt" count="0"/>
        <line num="1391" type="stmt" count="0"/>
        <line num="1393" type="stmt" count="0"/>
        <line num="1394" type="stmt" count="0"/>
        <line num="1395" type="stmt" count="0"/>
        <line num="1396" type="stmt" count="0"/>
        <line num="1397" type="stmt" count="0"/>
        <line num="1398" type="stmt" count="0"/>
        <line num="1399" type="stmt" count="0"/>
        <line num="1400" type="stmt" count="0"/>
        <line num="1401" type="stmt" count="0"/>
        <line num="1402" type="stmt" count="0"/>
        <line num="1403" type="stmt" count="0"/>
        <line num="1404" type="stmt" count="0"/>
        <line num="1405" type="stmt" count="0"/>
        <line num="1407" type="stmt" count="0"/>
        <line num="1423" type="method" name="getRoles" visibility="public" complexity="15" crap="240" count="0"/>
        <line num="1425" type="stmt" count="0"/>
        <line num="1426" type="stmt" count="0"/>
        <line num="1427" type="stmt" count="0"/>
        <line num="1430" type="stmt" count="0"/>
        <line num="1432" type="stmt" count="0"/>
        <line num="1435" type="stmt" count="0"/>
        <line num="1436" type="stmt" count="0"/>
        <line num="1437" type="stmt" count="0"/>
        <line num="1438" type="stmt" count="0"/>
        <line num="1442" type="stmt" count="0"/>
        <line num="1444" type="stmt" count="0"/>
        <line num="1445" type="stmt" count="0"/>
        <line num="1446" type="stmt" count="0"/>
        <line num="1447" type="stmt" count="0"/>
        <line num="1449" type="stmt" count="0"/>
        <line num="1450" type="stmt" count="0"/>
        <line num="1451" type="stmt" count="0"/>
        <line num="1452" type="stmt" count="0"/>
        <line num="1453" type="stmt" count="0"/>
        <line num="1454" type="stmt" count="0"/>
        <line num="1455" type="stmt" count="0"/>
        <line num="1456" type="stmt" count="0"/>
        <line num="1458" type="stmt" count="0"/>
        <line num="1459" type="stmt" count="0"/>
        <line num="1460" type="stmt" count="0"/>
        <line num="1461" type="stmt" count="0"/>
        <line num="1462" type="stmt" count="0"/>
        <line num="1464" type="stmt" count="0"/>
        <line num="1465" type="stmt" count="0"/>
        <line num="1467" type="stmt" count="0"/>
        <line num="1468" type="stmt" count="0"/>
        <line num="1469" type="stmt" count="0"/>
        <line num="1470" type="stmt" count="0"/>
        <line num="1471" type="stmt" count="0"/>
        <line num="1472" type="stmt" count="0"/>
        <line num="1474" type="stmt" count="0"/>
        <line num="1475" type="stmt" count="0"/>
        <line num="1477" type="stmt" count="0"/>
        <line num="1478" type="stmt" count="0"/>
        <line num="1479" type="stmt" count="0"/>
        <line num="1480" type="stmt" count="0"/>
        <line num="1481" type="stmt" count="0"/>
        <line num="1482" type="stmt" count="0"/>
        <line num="1483" type="stmt" count="0"/>
        <line num="1484" type="stmt" count="0"/>
        <line num="1485" type="stmt" count="0"/>
        <line num="1486" type="stmt" count="0"/>
        <line num="1487" type="stmt" count="0"/>
        <line num="1488" type="stmt" count="0"/>
        <line num="1489" type="stmt" count="0"/>
        <line num="1490" type="stmt" count="0"/>
        <line num="1491" type="stmt" count="0"/>
        <line num="1492" type="stmt" count="0"/>
        <line num="1494" type="stmt" count="0"/>
        <line num="1506" type="method" name="getRole" visibility="public" complexity="4" crap="20" count="0"/>
        <line num="1508" type="stmt" count="0"/>
        <line num="1509" type="stmt" count="0"/>
        <line num="1512" type="stmt" count="0"/>
        <line num="1514" type="stmt" count="0"/>
        <line num="1517" type="stmt" count="0"/>
        <line num="1518" type="stmt" count="0"/>
        <line num="1519" type="stmt" count="0"/>
        <line num="1520" type="stmt" count="0"/>
        <line num="1522" type="stmt" count="0"/>
        <line num="1523" type="stmt" count="0"/>
        <line num="1526" type="stmt" count="0"/>
        <line num="1527" type="stmt" count="0"/>
        <line num="1528" type="stmt" count="0"/>
        <line num="1529" type="stmt" count="0"/>
        <line num="1530" type="stmt" count="0"/>
        <line num="1532" type="stmt" count="0"/>
        <line num="1533" type="stmt" count="0"/>
        <line num="1534" type="stmt" count="0"/>
        <line num="1535" type="stmt" count="0"/>
        <line num="1536" type="stmt" count="0"/>
        <line num="1537" type="stmt" count="0"/>
        <line num="1538" type="stmt" count="0"/>
        <line num="1540" type="stmt" count="0"/>
        <line num="1553" type="method" name="getEventTypes" visibility="public" complexity="5" crap="30" count="0"/>
        <line num="1555" type="stmt" count="0"/>
        <line num="1556" type="stmt" count="0"/>
        <line num="1559" type="stmt" count="0"/>
        <line num="1561" type="stmt" count="0"/>
        <line num="1564" type="stmt" count="0"/>
        <line num="1565" type="stmt" count="0"/>
        <line num="1566" type="stmt" count="0"/>
        <line num="1567" type="stmt" count="0"/>
        <line num="1569" type="stmt" count="0"/>
        <line num="1570" type="stmt" count="0"/>
        <line num="1573" type="stmt" count="0"/>
        <line num="1574" type="stmt" count="0"/>
        <line num="1575" type="stmt" count="0"/>
        <line num="1576" type="stmt" count="0"/>
        <line num="1577" type="stmt" count="0"/>
        <line num="1578" type="stmt" count="0"/>
        <line num="1579" type="stmt" count="0"/>
        <line num="1580" type="stmt" count="0"/>
        <line num="1581" type="stmt" count="0"/>
        <line num="1582" type="stmt" count="0"/>
        <line num="1583" type="stmt" count="0"/>
        <line num="1584" type="stmt" count="0"/>
        <line num="1585" type="stmt" count="0"/>
        <line num="1586" type="stmt" count="0"/>
        <line num="1587" type="stmt" count="0"/>
        <line num="1588" type="stmt" count="0"/>
        <line num="1589" type="stmt" count="0"/>
        <line num="1591" type="stmt" count="0"/>
        <line num="1603" type="method" name="getEvents" visibility="public" complexity="15" crap="240" count="0"/>
        <line num="1605" type="stmt" count="0"/>
        <line num="1606" type="stmt" count="0"/>
        <line num="1607" type="stmt" count="0"/>
        <line num="1610" type="stmt" count="0"/>
        <line num="1612" type="stmt" count="0"/>
        <line num="1615" type="stmt" count="0"/>
        <line num="1616" type="stmt" count="0"/>
        <line num="1617" type="stmt" count="0"/>
        <line num="1618" type="stmt" count="0"/>
        <line num="1622" type="stmt" count="0"/>
        <line num="1624" type="stmt" count="0"/>
        <line num="1625" type="stmt" count="0"/>
        <line num="1626" type="stmt" count="0"/>
        <line num="1627" type="stmt" count="0"/>
        <line num="1629" type="stmt" count="0"/>
        <line num="1630" type="stmt" count="0"/>
        <line num="1631" type="stmt" count="0"/>
        <line num="1632" type="stmt" count="0"/>
        <line num="1633" type="stmt" count="0"/>
        <line num="1634" type="stmt" count="0"/>
        <line num="1635" type="stmt" count="0"/>
        <line num="1636" type="stmt" count="0"/>
        <line num="1638" type="stmt" count="0"/>
        <line num="1639" type="stmt" count="0"/>
        <line num="1640" type="stmt" count="0"/>
        <line num="1641" type="stmt" count="0"/>
        <line num="1642" type="stmt" count="0"/>
        <line num="1644" type="stmt" count="0"/>
        <line num="1646" type="stmt" count="0"/>
        <line num="1648" type="stmt" count="0"/>
        <line num="1649" type="stmt" count="0"/>
        <line num="1650" type="stmt" count="0"/>
        <line num="1651" type="stmt" count="0"/>
        <line num="1652" type="stmt" count="0"/>
        <line num="1653" type="stmt" count="0"/>
        <line num="1655" type="stmt" count="0"/>
        <line num="1656" type="stmt" count="0"/>
        <line num="1658" type="stmt" count="0"/>
        <line num="1659" type="stmt" count="0"/>
        <line num="1660" type="stmt" count="0"/>
        <line num="1661" type="stmt" count="0"/>
        <line num="1662" type="stmt" count="0"/>
        <line num="1663" type="stmt" count="0"/>
        <line num="1664" type="stmt" count="0"/>
        <line num="1665" type="stmt" count="0"/>
        <line num="1667" type="stmt" count="0"/>
        <line num="1668" type="stmt" count="0"/>
        <line num="1669" type="stmt" count="0"/>
        <line num="1670" type="stmt" count="0"/>
        <line num="1671" type="stmt" count="0"/>
        <line num="1672" type="stmt" count="0"/>
        <line num="1673" type="stmt" count="0"/>
        <line num="1674" type="stmt" count="0"/>
        <line num="1676" type="stmt" count="0"/>
        <line num="1688" type="method" name="getEvent" visibility="public" complexity="4" crap="20" count="0"/>
        <line num="1690" type="stmt" count="0"/>
        <line num="1691" type="stmt" count="0"/>
        <line num="1694" type="stmt" count="0"/>
        <line num="1696" type="stmt" count="0"/>
        <line num="1699" type="stmt" count="0"/>
        <line num="1700" type="stmt" count="0"/>
        <line num="1701" type="stmt" count="0"/>
        <line num="1702" type="stmt" count="0"/>
        <line num="1704" type="stmt" count="0"/>
        <line num="1705" type="stmt" count="0"/>
        <line num="1708" type="stmt" count="0"/>
        <line num="1709" type="stmt" count="0"/>
        <line num="1710" type="stmt" count="0"/>
        <line num="1711" type="stmt" count="0"/>
        <line num="1712" type="stmt" count="0"/>
        <line num="1714" type="stmt" count="0"/>
        <line num="1715" type="stmt" count="0"/>
        <line num="1716" type="stmt" count="0"/>
        <line num="1717" type="stmt" count="0"/>
        <line num="1718" type="stmt" count="0"/>
        <line num="1719" type="stmt" count="0"/>
        <line num="1720" type="stmt" count="0"/>
        <line num="1722" type="stmt" count="0"/>
        <line num="1738" type="method" name="createEvent" visibility="public" complexity="3" crap="12" count="0"/>
        <line num="1740" type="stmt" count="0"/>
        <line num="1741" type="stmt" count="0"/>
        <line num="1744" type="stmt" count="0"/>
        <line num="1746" type="stmt" count="0"/>
        <line num="1749" type="stmt" count="0"/>
        <line num="1750" type="stmt" count="0"/>
        <line num="1751" type="stmt" count="0"/>
        <line num="1753" type="stmt" count="0"/>
        <line num="1754" type="stmt" count="0"/>
        <line num="1756" type="stmt" count="0"/>
        <line num="1758" type="stmt" count="0"/>
        <line num="1759" type="stmt" count="0"/>
        <line num="1761" type="stmt" count="0"/>
        <line num="1762" type="stmt" count="0"/>
        <line num="1763" type="stmt" count="0"/>
        <line num="1764" type="stmt" count="0"/>
        <line num="1765" type="stmt" count="0"/>
        <line num="1766" type="stmt" count="0"/>
        <line num="1767" type="stmt" count="0"/>
        <line num="1768" type="stmt" count="0"/>
        <line num="1770" type="stmt" count="0"/>
        <line num="1787" type="method" name="getGroups" visibility="public" complexity="11" crap="132" count="0"/>
        <line num="1789" type="stmt" count="0"/>
        <line num="1790" type="stmt" count="0"/>
        <line num="1793" type="stmt" count="0"/>
        <line num="1795" type="stmt" count="0"/>
        <line num="1798" type="stmt" count="0"/>
        <line num="1799" type="stmt" count="0"/>
        <line num="1800" type="stmt" count="0"/>
        <line num="1801" type="stmt" count="0"/>
        <line num="1805" type="stmt" count="0"/>
        <line num="1807" type="stmt" count="0"/>
        <line num="1808" type="stmt" count="0"/>
        <line num="1809" type="stmt" count="0"/>
        <line num="1810" type="stmt" count="0"/>
        <line num="1811" type="stmt" count="0"/>
        <line num="1813" type="stmt" count="0"/>
        <line num="1814" type="stmt" count="0"/>
        <line num="1816" type="stmt" count="0"/>
        <line num="1817" type="stmt" count="0"/>
        <line num="1818" type="stmt" count="0"/>
        <line num="1819" type="stmt" count="0"/>
        <line num="1820" type="stmt" count="0"/>
        <line num="1821" type="stmt" count="0"/>
        <line num="1823" type="stmt" count="0"/>
        <line num="1824" type="stmt" count="0"/>
        <line num="1826" type="stmt" count="0"/>
        <line num="1827" type="stmt" count="0"/>
        <line num="1828" type="stmt" count="0"/>
        <line num="1829" type="stmt" count="0"/>
        <line num="1830" type="stmt" count="0"/>
        <line num="1831" type="stmt" count="0"/>
        <line num="1832" type="stmt" count="0"/>
        <line num="1833" type="stmt" count="0"/>
        <line num="1834" type="stmt" count="0"/>
        <line num="1835" type="stmt" count="0"/>
        <line num="1836" type="stmt" count="0"/>
        <line num="1837" type="stmt" count="0"/>
        <line num="1838" type="stmt" count="0"/>
        <line num="1839" type="stmt" count="0"/>
        <line num="1840" type="stmt" count="0"/>
        <line num="1841" type="stmt" count="0"/>
        <line num="1843" type="stmt" count="0"/>
        <line num="1855" type="method" name="getGroup" visibility="public" complexity="4" crap="20" count="0"/>
        <line num="1857" type="stmt" count="0"/>
        <line num="1858" type="stmt" count="0"/>
        <line num="1861" type="stmt" count="0"/>
        <line num="1863" type="stmt" count="0"/>
        <line num="1866" type="stmt" count="0"/>
        <line num="1867" type="stmt" count="0"/>
        <line num="1868" type="stmt" count="0"/>
        <line num="1869" type="stmt" count="0"/>
        <line num="1871" type="stmt" count="0"/>
        <line num="1872" type="stmt" count="0"/>
        <line num="1875" type="stmt" count="0"/>
        <line num="1876" type="stmt" count="0"/>
        <line num="1877" type="stmt" count="0"/>
        <line num="1878" type="stmt" count="0"/>
        <line num="1879" type="stmt" count="0"/>
        <line num="1881" type="stmt" count="0"/>
        <line num="1882" type="stmt" count="0"/>
        <line num="1883" type="stmt" count="0"/>
        <line num="1884" type="stmt" count="0"/>
        <line num="1885" type="stmt" count="0"/>
        <line num="1886" type="stmt" count="0"/>
        <line num="1887" type="stmt" count="0"/>
        <line num="1889" type="stmt" count="0"/>
        <line num="1913" type="method" name="getSAMLAssertion" visibility="public" complexity="4" crap="20" count="0"/>
        <line num="1915" type="stmt" count="0"/>
        <line num="1916" type="stmt" count="0"/>
        <line num="1919" type="stmt" count="0"/>
        <line num="1921" type="stmt" count="0"/>
        <line num="1924" type="stmt" count="0"/>
        <line num="1925" type="stmt" count="0"/>
        <line num="1926" type="stmt" count="0"/>
        <line num="1927" type="stmt" count="0"/>
        <line num="1930" type="stmt" count="0"/>
        <line num="1931" type="stmt" count="0"/>
        <line num="1932" type="stmt" count="0"/>
        <line num="1934" type="stmt" count="0"/>
        <line num="1936" type="stmt" count="0"/>
        <line num="1937" type="stmt" count="0"/>
        <line num="1938" type="stmt" count="0"/>
        <line num="1940" type="stmt" count="0"/>
        <line num="1941" type="stmt" count="0"/>
        <line num="1943" type="stmt" count="0"/>
        <line num="1945" type="stmt" count="0"/>
        <line num="1946" type="stmt" count="0"/>
        <line num="1947" type="stmt" count="0"/>
        <line num="1948" type="stmt" count="0"/>
        <line num="1949" type="stmt" count="0"/>
        <line num="1950" type="stmt" count="0"/>
        <line num="1951" type="stmt" count="0"/>
        <line num="1952" type="stmt" count="0"/>
        <line num="1953" type="stmt" count="0"/>
        <line num="1954" type="stmt" count="0"/>
        <line num="1955" type="stmt" count="0"/>
        <line num="1957" type="stmt" count="0"/>
        <line num="1978" type="method" name="getSAMLAssertionVerifying" visibility="public" complexity="5" crap="30" count="0"/>
        <line num="1980" type="stmt" count="0"/>
        <line num="1981" type="stmt" count="0"/>
        <line num="1984" type="stmt" count="0"/>
        <line num="1986" type="stmt" count="0"/>
        <line num="1987" type="stmt" count="0"/>
        <line num="1988" type="stmt" count="0"/>
        <line num="1989" type="stmt" count="0"/>
        <line num="1993" type="stmt" count="0"/>
        <line num="1994" type="stmt" count="0"/>
        <line num="1995" type="stmt" count="0"/>
        <line num="1996" type="stmt" count="0"/>
        <line num="1999" type="stmt" count="0"/>
        <line num="2000" type="stmt" count="0"/>
        <line num="2002" type="stmt" count="0"/>
        <line num="2004" type="stmt" count="0"/>
        <line num="2005" type="stmt" count="0"/>
        <line num="2006" type="stmt" count="0"/>
        <line num="2008" type="stmt" count="0"/>
        <line num="2009" type="stmt" count="0"/>
        <line num="2011" type="stmt" count="0"/>
        <line num="2013" type="stmt" count="0"/>
        <line num="2014" type="stmt" count="0"/>
        <line num="2015" type="stmt" count="0"/>
        <line num="2016" type="stmt" count="0"/>
        <line num="2017" type="stmt" count="0"/>
        <line num="2018" type="stmt" count="0"/>
        <line num="2019" type="stmt" count="0"/>
        <line num="2020" type="stmt" count="0"/>
        <line num="2021" type="stmt" count="0"/>
        <line num="2022" type="stmt" count="0"/>
        <line num="2023" type="stmt" count="0"/>
        <line num="2025" type="stmt" count="0"/>
        <line num="2041" type="method" name="generateInviteLink" visibility="public" complexity="4" crap="20" count="0"/>
        <line num="2043" type="stmt" count="0"/>
        <line num="2044" type="stmt" count="0"/>
        <line num="2047" type="stmt" count="0"/>
        <line num="2049" type="stmt" count="0"/>
        <line num="2053" type="stmt" count="0"/>
        <line num="2056" type="stmt" count="0"/>
        <line num="2057" type="stmt" count="0"/>
        <line num="2058" type="stmt" count="0"/>
        <line num="2060" type="stmt" count="0"/>
        <line num="2061" type="stmt" count="0"/>
        <line num="2063" type="stmt" count="0"/>
        <line num="2065" type="stmt" count="0"/>
        <line num="2066" type="stmt" count="0"/>
        <line num="2068" type="stmt" count="0"/>
        <line num="2069" type="stmt" count="0"/>
        <line num="2070" type="stmt" count="0"/>
        <line num="2072" type="stmt" count="0"/>
        <line num="2073" type="stmt" count="0"/>
        <line num="2074" type="stmt" count="0"/>
        <line num="2075" type="stmt" count="0"/>
        <line num="2076" type="stmt" count="0"/>
        <line num="2077" type="stmt" count="0"/>
        <line num="2078" type="stmt" count="0"/>
        <line num="2080" type="stmt" count="0"/>
        <line num="2096" type="method" name="sendInviteLink" visibility="public" complexity="4" crap="20" count="0"/>
        <line num="2098" type="stmt" count="0"/>
        <line num="2099" type="stmt" count="0"/>
        <line num="2102" type="stmt" count="0"/>
        <line num="2104" type="stmt" count="0"/>
        <line num="2108" type="stmt" count="0"/>
        <line num="2110" type="stmt" count="0"/>
        <line num="2111" type="stmt" count="0"/>
        <line num="2112" type="stmt" count="0"/>
        <line num="2115" type="stmt" count="0"/>
        <line num="2116" type="stmt" count="0"/>
        <line num="2117" type="stmt" count="0"/>
        <line num="2119" type="stmt" count="0"/>
        <line num="2120" type="stmt" count="0"/>
        <line num="2122" type="stmt" count="0"/>
        <line num="2124" type="stmt" count="0"/>
        <line num="2125" type="stmt" count="0"/>
        <line num="2127" type="stmt" count="0"/>
        <line num="2128" type="stmt" count="0"/>
        <line num="2129" type="stmt" count="0"/>
        <line num="2130" type="stmt" count="0"/>
        <line num="2131" type="stmt" count="0"/>
        <line num="2132" type="stmt" count="0"/>
        <line num="2133" type="stmt" count="0"/>
        <line num="2134" type="stmt" count="0"/>
        <line num="2136" type="stmt" count="0"/>
        <line num="2154" type="method" name="getEmbedApps" visibility="public" complexity="4" crap="20" count="0"/>
        <line num="2156" type="stmt" count="0"/>
        <line num="2159" type="stmt" count="0"/>
        <line num="2162" type="stmt" count="0"/>
        <line num="2164" type="stmt" count="0"/>
        <line num="2167" type="stmt" count="0"/>
        <line num="2168" type="stmt" count="0"/>
        <line num="2170" type="stmt" count="0"/>
        <line num="2171" type="stmt" count="0"/>
        <line num="2172" type="stmt" count="0"/>
        <line num="2174" type="stmt" count="0"/>
        <line num="2176" type="stmt" count="0"/>
        <line num="2177" type="stmt" count="0"/>
        <line num="2179" type="stmt" count="0"/>
        <line num="2180" type="stmt" count="0"/>
        <line num="2181" type="stmt" count="0"/>
        <line num="2182" type="stmt" count="0"/>
        <line num="2183" type="stmt" count="0"/>
        <line num="2184" type="stmt" count="0"/>
        <line num="2185" type="stmt" count="0"/>
        <line num="2186" type="stmt" count="0"/>
        <line num="2187" type="stmt" count="0"/>
        <line num="2188" type="stmt" count="0"/>
        <line num="2189" type="stmt" count="0"/>
        <line num="2190" type="stmt" count="0"/>
        <line num="2192" type="stmt" count="0"/>
        <metrics loc="2193" ncloc="1722" classes="1" methods="52" coveredmethods="0" conditionals="0" coveredconditionals="0" statements="1090" coveredstatements="0" elements="1142" coveredelements="0"/>
      </file>
    </package>
    <package name="OneLogin\api\models">
      <file name="/home/pitbulk/proyectos/onelogin-php-sdk/src/models/App.php">
        <class name="App" namespace="OneLogin\api\models">
          <metrics complexity="4" methods="1" coveredmethods="0" conditionals="0" coveredconditionals="0" statements="8" coveredstatements="0" elements="9" coveredelements="0"/>
        </class>
        <line num="31" type="method" name="__construct" visibility="public" complexity="4" crap="20" count="0"/>
        <line num="33" type="stmt" count="0"/>
        <line num="34" type="stmt" count="0"/>
        <line num="35" type="stmt" count="0"/>
        <line num="36" type="stmt" count="0"/>
        <line num="37" type="stmt" count="0"/>
        <line num="38" type="stmt" count="0"/>
        <line num="39" type="stmt" count="0"/>
        <line num="40" type="stmt" count="0"/>
        <metrics loc="41" ncloc="31" classes="1" methods="1" coveredmethods="0" conditionals="0" coveredconditionals="0" statements="8" coveredstatements="0" elements="9" coveredelements="0"/>
      </file>
      <file name="/home/pitbulk/proyectos/onelogin-php-sdk/src/models/Device.php">
        <class name="Device" namespace="OneLogin\api\models">
          <metrics complexity="4" methods="3" coveredmethods="0" conditionals="0" coveredconditionals="0" statements="5" coveredstatements="0" elements="8" coveredelements="0"/>
        </class>
        <line num="16" type="method" name="__construct" visibility="public" complexity="2" crap="6" count="0"/>
        <line num="18" type="stmt" count="0"/>
        <line num="19" type="stmt" count="0"/>
        <line num="20" type="stmt" count="0"/>
        <line num="22" type="method" name="getID" visibility="public" complexity="1" crap="2" count="0"/>
        <line num="24" type="stmt" count="0"/>
        <line num="27" type="method" name="getType" visibility="public" complexity="1" crap="2" count="0"/>
        <line num="29" type="stmt" count="0"/>
        <metrics loc="31" ncloc="26" classes="1" methods="3" coveredmethods="0" conditionals="0" coveredconditionals="0" statements="5" coveredstatements="0" elements="8" coveredelements="0"/>
      </file>
      <file name="/home/pitbulk/proyectos/onelogin-php-sdk/src/models/Event.php">
        <class name="Event" namespace="OneLogin\api\models">
          <metrics complexity="22" methods="3" coveredmethods="0" conditionals="0" coveredconditionals="0" statements="41" coveredstatements="0" elements="44" coveredelements="0"/>
        </class>
        <line num="97" type="method" name="__construct" visibility="public" complexity="16" crap="272" count="0"/>
        <line num="99" type="stmt" count="0"/>
        <line num="100" type="stmt" count="0"/>
        <line num="101" type="stmt" count="0"/>
        <line num="102" type="stmt" count="0"/>
        <line num="103" type="stmt" count="0"/>
        <line num="104" type="stmt" count="0"/>
        <line num="105" type="stmt" count="0"/>
        <line num="106" type="stmt" count="0"/>
        <line num="107" type="stmt" count="0"/>
        <line num="108" type="stmt" count="0"/>
        <line num="109" type="stmt" count="0"/>
        <line num="110" type="stmt" count="0"/>
        <line num="111" type="stmt" count="0"/>
        <line num="112" type="stmt" count="0"/>
        <line num="113" type="stmt" count="0"/>
        <line num="114" type="stmt" count="0"/>
        <line num="115" type="stmt" count="0"/>
        <line num="116" type="stmt" count="0"/>
        <line num="117" type="stmt" count="0"/>
        <line num="118" type="stmt" count="0"/>
        <line num="119" type="stmt" count="0"/>
        <line num="120" type="stmt" count="0"/>
        <line num="121" type="stmt" count="0"/>
        <line num="122" type="stmt" count="0"/>
        <line num="123" type="stmt" count="0"/>
        <line num="124" type="stmt" count="0"/>
        <line num="125" type="stmt" count="0"/>
        <line num="126" type="stmt" count="0"/>
        <line num="127" type="stmt" count="0"/>
        <line num="128" type="stmt" count="0"/>
        <line num="129" type="stmt" count="0"/>
        <line num="131" type="method" name="getRole" visibility="public" complexity="3" crap="12" count="0"/>
        <line num="133" type="stmt" count="0"/>
        <line num="134" type="stmt" count="0"/>
        <line num="135" type="stmt" count="0"/>
        <line num="136" type="stmt" count="0"/>
        <line num="137" type="stmt" count="0"/>
        <line num="140" type="method" name="getGroup" visibility="public" complexity="3" crap="12" count="0"/>
        <line num="142" type="stmt" count="0"/>
        <line num="143" type="stmt" count="0"/>
        <line num="144" type="stmt" count="0"/>
        <line num="145" type="stmt" count="0"/>
        <line num="146" type="stmt" count="0"/>
        <metrics loc="148" ncloc="116" classes="1" methods="3" coveredmethods="0" conditionals="0" coveredconditionals="0" statements="41" coveredstatements="0" elements="44" coveredelements="0"/>
      </file>
      <file name="/home/pitbulk/proyectos/onelogin-php-sdk/src/models/EventType.php">
        <class name="EventType" namespace="OneLogin\api\models">
          <metrics complexity="5" methods="4" coveredmethods="0" conditionals="0" coveredconditionals="0" statements="7" coveredstatements="0" elements="11" coveredelements="0"/>
        </class>
        <line num="19" type="method" name="__construct" visibility="public" complexity="2" crap="6" count="0"/>
        <line num="21" type="stmt" count="0"/>
        <line num="22" type="stmt" count="0"/>
        <line num="23" type="stmt" count="0"/>
        <line num="24" type="stmt" count="0"/>
        <line num="26" type="method" name="getID" visibility="public" complexity="1" crap="2" count="0"/>
        <line num="28" type="stmt" count="0"/>
        <line num="31" type="method" name="getName" visibility="public" complexity="1" crap="2" count="0"/>
        <line num="33" type="stmt" count="0"/>
        <line num="36" type="method" name="getReference" visibility="public" complexity="1" crap="2" count="0"/>
        <line num="38" type="stmt" count="0"/>
        <metrics loc="40" ncloc="34" classes="1" methods="4" coveredmethods="0" conditionals="0" coveredconditionals="0" statements="7" coveredstatements="0" elements="11" coveredelements="0"/>
      </file>
      <file name="/home/pitbulk/proyectos/onelogin-php-sdk/src/models/Group.php">
        <class name="Group" namespace="OneLogin\api\models">
          <metrics complexity="5" methods="4" coveredmethods="0" conditionals="0" coveredconditionals="0" statements="7" coveredstatements="0" elements="11" coveredelements="0"/>
        </class>
        <line num="19" type="method" name="__construct" visibility="public" complexity="2" crap="6" count="0"/>
        <line num="21" type="stmt" count="0"/>
        <line num="22" type="stmt" count="0"/>
        <line num="23" type="stmt" count="0"/>
        <line num="24" type="stmt" count="0"/>
        <line num="26" type="method" name="getID" visibility="public" complexity="1" crap="2" count="0"/>
        <line num="28" type="stmt" count="0"/>
        <line num="31" type="method" name="getName" visibility="public" complexity="1" crap="2" count="0"/>
        <line num="33" type="stmt" count="0"/>
        <line num="36" type="method" name="getReference" visibility="public" complexity="1" crap="2" count="0"/>
        <line num="38" type="stmt" count="0"/>
        <metrics loc="40" ncloc="34" classes="1" methods="4" coveredmethods="0" conditionals="0" coveredconditionals="0" statements="7" coveredstatements="0" elements="11" coveredelements="0"/>
      </file>
      <file name="/home/pitbulk/proyectos/onelogin-php-sdk/src/models/MFA.php">
        <class name="MFA" namespace="OneLogin\api\models">
          <metrics complexity="8" methods="5" coveredmethods="0" conditionals="0" coveredconditionals="0" statements="16" coveredstatements="0" elements="21" coveredelements="0"/>
        </class>
        <line num="25" type="method" name="__construct" visibility="public" complexity="4" crap="20" count="0"/>
        <line num="27" type="stmt" count="0"/>
        <line num="28" type="stmt" count="0"/>
        <line num="29" type="stmt" count="0"/>
        <line num="30" type="stmt" count="0"/>
        <line num="31" type="stmt" count="0"/>
        <line num="32" type="stmt" count="0"/>
        <line num="33" type="stmt" count="0"/>
        <line num="34" type="stmt" count="0"/>
        <line num="35" type="stmt" count="0"/>
        <line num="36" type="stmt" count="0"/>
        <line num="37" type="stmt" count="0"/>
        <line num="38" type="stmt" count="0"/>
        <line num="40" type="method" name="getStateToken" visibility="public" complexity="1" crap="2" count="0"/>
        <line num="42" type="stmt" count="0"/>
        <line num="45" type="method" name="getCallbackUrl" visibility="public" complexity="1" crap="2" count="0"/>
        <line num="47" type="stmt" count="0"/>
        <line num="50" type="method" name="getUser" visibility="public" complexity="1" crap="2" count="0"/>
        <line num="52" type="stmt" count="0"/>
        <line num="55" type="method" name="getDevices" visibility="public" complexity="1" crap="2" count="0"/>
        <line num="57" type="stmt" count="0"/>
        <metrics loc="59" ncloc="52" classes="1" methods="5" coveredmethods="0" conditionals="0" coveredconditionals="0" statements="16" coveredstatements="0" elements="21" coveredelements="0"/>
      </file>
      <file name="/home/pitbulk/proyectos/onelogin-php-sdk/src/models/OneLoginToken.php">
        <class name="OneLoginToken" namespace="OneLogin\api\models">
          <metrics complexity="7" methods="7" coveredmethods="0" conditionals="0" coveredconditionals="0" statements="17" coveredstatements="0" elements="24" coveredelements="0"/>
        </class>
        <line num="29" type="method" name="__construct" visibility="public" complexity="1" crap="2" count="0"/>
        <line num="31" type="stmt" count="0"/>
        <line num="32" type="stmt" count="0"/>
        <line num="33" type="stmt" count="0"/>
        <line num="34" type="stmt" count="0"/>
        <line num="35" type="stmt" count="0"/>
        <line num="36" type="stmt" count="0"/>
        <line num="37" type="stmt" count="0"/>
        <line num="38" type="stmt" count="0"/>
        <line num="39" type="stmt" count="0"/>
        <line num="41" type="stmt" count="0"/>
        <line num="42" type="stmt" count="0"/>
        <line num="44" type="method" name="getAccessToken" visibility="public" complexity="1" crap="2" count="0"/>
        <line num="46" type="stmt" count="0"/>
        <line num="49" type="method" name="getRefreshToken" visibility="public" complexity="1" crap="2" count="0"/>
        <line num="51" type="stmt" count="0"/>
        <line num="54" type="method" name="getAccountId" visibility="public" complexity="1" crap="2" count="0"/>
        <line num="56" type="stmt" count="0"/>
        <line num="59" type="method" name="getTokenType" visibility="public" complexity="1" crap="2" count="0"/>
        <line num="61" type="stmt" count="0"/>
        <line num="64" type="method" name="getCreatedAt" visibility="public" complexity="1" crap="2" count="0"/>
        <line num="66" type="stmt" count="0"/>
        <line num="69" type="method" name="getExpiration" visibility="public" complexity="1" crap="2" count="0"/>
        <line num="71" type="stmt" count="0"/>
        <metrics loc="73" ncloc="64" classes="1" methods="7" coveredmethods="0" conditionals="0" coveredconditionals="0" statements="17" coveredstatements="0" elements="24" coveredelements="0"/>
      </file>
      <file name="/home/pitbulk/proyectos/onelogin-php-sdk/src/models/RateLimit.php">
        <class name="RateLimit" namespace="OneLogin\api\models">
          <metrics complexity="4" methods="4" coveredmethods="0" conditionals="0" coveredconditionals="0" statements="8" coveredstatements="0" elements="12" coveredelements="0"/>
        </class>
        <line num="19" type="method" name="__construct" visibility="public" complexity="1" crap="2" count="0"/>
        <line num="21" type="stmt" count="0"/>
        <line num="22" type="stmt" count="0"/>
        <line num="23" type="stmt" count="0"/>
        <line num="24" type="stmt" count="0"/>
        <line num="25" type="stmt" count="0"/>
        <line num="27" type="method" name="getLimit" visibility="public" complexity="1" crap="2" count="0"/>
        <line num="29" type="stmt" count="0"/>
        <line num="32" type="method" name="getRemaining" visibility="public" complexity="1" crap="2" count="0"/>
        <line num="34" type="stmt" count="0"/>
        <line num="37" type="method" name="getReset" visibility="public" complexity="1" crap="2" count="0"/>
        <line num="39" type="stmt" count="0"/>
        <metrics loc="41" ncloc="35" classes="1" methods="4" coveredmethods="0" conditionals="0" coveredconditionals="0" statements="8" coveredstatements="0" elements="12" coveredelements="0"/>
      </file>
      <file name="/home/pitbulk/proyectos/onelogin-php-sdk/src/models/Role.php">
        <class name="Role" namespace="OneLogin\api\models">
          <metrics complexity="4" methods="3" coveredmethods="0" conditionals="0" coveredconditionals="0" statements="5" coveredstatements="0" elements="8" coveredelements="0"/>
        </class>
        <line num="16" type="method" name="__construct" visibility="public" complexity="2" crap="6" count="0"/>
        <line num="18" type="stmt" count="0"/>
        <line num="19" type="stmt" count="0"/>
        <line num="20" type="stmt" count="0"/>
        <line num="22" type="method" name="getID" visibility="public" complexity="1" crap="2" count="0"/>
        <line num="24" type="stmt" count="0"/>
        <line num="27" type="method" name="getName" visibility="public" complexity="1" crap="2" count="0"/>
        <line num="29" type="stmt" count="0"/>
        <metrics loc="31" ncloc="26" classes="1" methods="3" coveredmethods="0" conditionals="0" coveredconditionals="0" statements="5" coveredstatements="0" elements="8" coveredelements="0"/>
      </file>
      <file name="/home/pitbulk/proyectos/onelogin-php-sdk/src/models/SAMLEndpointResponse.php">
        <class name="SAMLEndpointResponse" namespace="OneLogin\api\models">
          <metrics complexity="7" methods="7" coveredmethods="0" conditionals="0" coveredconditionals="0" statements="9" coveredstatements="0" elements="16" coveredelements="0"/>
        </class>
        <line num="24" type="method" name="__construct" visibility="public" complexity="1" crap="2" count="0"/>
        <line num="26" type="stmt" count="0"/>
        <line num="27" type="stmt" count="0"/>
        <line num="28" type="stmt" count="0"/>
        <line num="30" type="method" name="setMFA" visibility="public" complexity="1" crap="2" count="0"/>
        <line num="32" type="stmt" count="0"/>
        <line num="35" type="method" name="setSAMLResponse" visibility="public" complexity="1" crap="2" count="0"/>
        <line num="37" type="stmt" count="0"/>
        <line num="40" type="method" name="getType" visibility="public" complexity="1" crap="2" count="0"/>
        <line num="42" type="stmt" count="0"/>
        <line num="45" type="method" name="getMessage" visibility="public" complexity="1" crap="2" count="0"/>
        <line num="47" type="stmt" count="0"/>
        <line num="50" type="method" name="getMFA" visibility="public" complexity="1" crap="2" count="0"/>
        <line num="52" type="stmt" count="0"/>
        <line num="55" type="method" name="getSAMLResponse" visibility="public" complexity="1" crap="2" count="0"/>
        <line num="57" type="stmt" count="0"/>
        <metrics loc="59" ncloc="52" classes="1" methods="7" coveredmethods="0" conditionals="0" coveredconditionals="0" statements="9" coveredstatements="0" elements="16" coveredelements="0"/>
      </file>
      <file name="/home/pitbulk/proyectos/onelogin-php-sdk/src/models/SessionTokenInfo.php">
        <class name="SessionTokenInfo" namespace="OneLogin\api\models">
          <metrics complexity="2" methods="1" coveredmethods="0" conditionals="0" coveredconditionals="0" statements="9" coveredstatements="0" elements="10" coveredelements="0"/>
        </class>
        <line num="27" type="method" name="__construct" visibility="public" complexity="2" crap="6" count="0"/>
        <line num="29" type="stmt" count="0"/>
        <line num="30" type="stmt" count="0"/>
        <line num="31" type="stmt" count="0"/>
        <line num="32" type="stmt" count="0"/>
        <line num="33" type="stmt" count="0"/>
        <line num="34" type="stmt" count="0"/>
        <line num="35" type="stmt" count="0"/>
        <line num="36" type="stmt" count="0"/>
        <line num="37" type="stmt" count="0"/>
        <metrics loc="38" ncloc="30" classes="1" methods="1" coveredmethods="0" conditionals="0" coveredconditionals="0" statements="9" coveredstatements="0" elements="10" coveredelements="0"/>
      </file>
      <file name="/home/pitbulk/proyectos/onelogin-php-sdk/src/models/SessionTokenMFAInfo.php">
        <class name="SessionTokenMFAInfo" namespace="OneLogin\api\models">
          <metrics complexity="8" methods="5" coveredmethods="0" conditionals="0" coveredconditionals="0" statements="16" coveredstatements="0" elements="21" coveredelements="0"/>
        </class>
        <line num="25" type="method" name="__construct" visibility="public" complexity="4" crap="20" count="0"/>
        <line num="27" type="stmt" count="0"/>
        <line num="28" type="stmt" count="0"/>
        <line num="29" type="stmt" count="0"/>
        <line num="30" type="stmt" count="0"/>
        <line num="31" type="stmt" count="0"/>
        <line num="32" type="stmt" count="0"/>
        <line num="33" type="stmt" count="0"/>
        <line num="34" type="stmt" count="0"/>
        <line num="35" type="stmt" count="0"/>
        <line num="36" type="stmt" count="0"/>
        <line num="37" type="stmt" count="0"/>
        <line num="38" type="stmt" count="0"/>
        <line num="40" type="method" name="getStateToken" visibility="public" complexity="1" crap="2" count="0"/>
        <line num="42" type="stmt" count="0"/>
        <line num="45" type="method" name="getCallbackUrl" visibility="public" complexity="1" crap="2" count="0"/>
        <line num="47" type="stmt" count="0"/>
        <line num="50" type="method" name="getUser" visibility="public" complexity="1" crap="2" count="0"/>
        <line num="52" type="stmt" count="0"/>
        <line num="55" type="method" name="getDevices" visibility="public" complexity="1" crap="2" count="0"/>
        <line num="57" type="stmt" count="0"/>
        <metrics loc="59" ncloc="52" classes="1" methods="5" coveredmethods="0" conditionals="0" coveredconditionals="0" statements="16" coveredstatements="0" elements="21" coveredelements="0"/>
      </file>
      <file name="/home/pitbulk/proyectos/onelogin-php-sdk/src/models/User.php">
        <class name="User" namespace="OneLogin\api\models">
          <metrics complexity="35" methods="7" coveredmethods="0" conditionals="0" coveredconditionals="0" statements="113" coveredstatements="0" elements="120" coveredelements="0"/>
        </class>
        <line num="109" type="method" name="__construct" visibility="public" complexity="29" crap="870" count="0"/>
        <line num="111" type="stmt" count="0"/>
        <line num="112" type="stmt" count="0"/>
        <line num="113" type="stmt" count="0"/>
        <line num="114" type="stmt" count="0"/>
        <line num="115" type="stmt" count="0"/>
        <line num="116" type="stmt" count="0"/>
        <line num="117" type="stmt" count="0"/>
        <line num="118" type="stmt" count="0"/>
        <line num="119" type="stmt" count="0"/>
        <line num="120" type="stmt" count="0"/>
        <line num="121" type="stmt" count="0"/>
        <line num="122" type="stmt" count="0"/>
        <line num="123" type="stmt" count="0"/>
        <line num="124" type="stmt" count="0"/>
        <line num="125" type="stmt" count="0"/>
        <line num="126" type="stmt" count="0"/>
        <line num="127" type="stmt" count="0"/>
        <line num="128" type="stmt" count="0"/>
        <line num="129" type="stmt" count="0"/>
        <line num="130" type="stmt" count="0"/>
        <line num="131" type="stmt" count="0"/>
        <line num="132" type="stmt" count="0"/>
        <line num="133" type="stmt" count="0"/>
        <line num="134" type="stmt" count="0"/>
        <line num="135" type="stmt" count="0"/>
        <line num="136" type="stmt" count="0"/>
        <line num="137" type="stmt" count="0"/>
        <line num="141" type="stmt" count="0"/>
        <line num="142" type="stmt" count="0"/>
        <line num="143" type="stmt" count="0"/>
        <line num="144" type="stmt" count="0"/>
        <line num="145" type="stmt" count="0"/>
        <line num="146" type="stmt" count="0"/>
        <line num="147" type="stmt" count="0"/>
        <line num="148" type="stmt" count="0"/>
        <line num="149" type="stmt" count="0"/>
        <line num="150" type="stmt" count="0"/>
        <line num="151" type="stmt" count="0"/>
        <line num="152" type="stmt" count="0"/>
        <line num="153" type="stmt" count="0"/>
        <line num="154" type="stmt" count="0"/>
        <line num="155" type="stmt" count="0"/>
        <line num="156" type="stmt" count="0"/>
        <line num="157" type="stmt" count="0"/>
        <line num="158" type="stmt" count="0"/>
        <line num="159" type="stmt" count="0"/>
        <line num="160" type="stmt" count="0"/>
        <line num="162" type="stmt" count="0"/>
        <line num="163" type="stmt" count="0"/>
        <line num="164" type="stmt" count="0"/>
        <line num="165" type="stmt" count="0"/>
        <line num="166" type="stmt" count="0"/>
        <line num="167" type="stmt" count="0"/>
        <line num="168" type="stmt" count="0"/>
        <line num="170" type="method" name="getRoleIDs" visibility="public" complexity="1" crap="2" count="0"/>
        <line num="172" type="stmt" count="0"/>
        <line num="175" type="method" name="getGroupID" visibility="public" complexity="1" crap="2" count="0"/>
        <line num="177" type="stmt" count="0"/>
        <line num="180" type="method" name="getUserData" visibility="public" complexity="1" crap="2" count="0"/>
        <line num="182" type="stmt" count="0"/>
        <line num="183" type="stmt" count="0"/>
        <line num="184" type="stmt" count="0"/>
        <line num="185" type="stmt" count="0"/>
        <line num="186" type="stmt" count="0"/>
        <line num="187" type="stmt" count="0"/>
        <line num="188" type="stmt" count="0"/>
        <line num="189" type="stmt" count="0"/>
        <line num="190" type="stmt" count="0"/>
        <line num="191" type="stmt" count="0"/>
        <line num="192" type="stmt" count="0"/>
        <line num="193" type="stmt" count="0"/>
        <line num="194" type="stmt" count="0"/>
        <line num="195" type="stmt" count="0"/>
        <line num="196" type="stmt" count="0"/>
        <line num="197" type="stmt" count="0"/>
        <line num="198" type="stmt" count="0"/>
        <line num="199" type="stmt" count="0"/>
        <line num="200" type="stmt" count="0"/>
        <line num="201" type="stmt" count="0"/>
        <line num="202" type="stmt" count="0"/>
        <line num="205" type="method" name="getUserMetaData" visibility="public" complexity="1" crap="2" count="0"/>
        <line num="207" type="stmt" count="0"/>
        <line num="208" type="stmt" count="0"/>
        <line num="209" type="stmt" count="0"/>
        <line num="210" type="stmt" count="0"/>
        <line num="211" type="stmt" count="0"/>
        <line num="212" type="stmt" count="0"/>
        <line num="213" type="stmt" count="0"/>
        <line num="214" type="stmt" count="0"/>
        <line num="215" type="stmt" count="0"/>
        <line num="216" type="stmt" count="0"/>
        <line num="217" type="stmt" count="0"/>
        <line num="218" type="stmt" count="0"/>
        <line num="221" type="method" name="getUserCustomAttributes" visibility="public" complexity="1" crap="2" count="0"/>
        <line num="223" type="stmt" count="0"/>
        <line num="226" type="method" name="getUserParams" visibility="public" complexity="1" crap="2" count="0"/>
        <line num="228" type="stmt" count="0"/>
        <line num="229" type="stmt" count="0"/>
        <line num="230" type="stmt" count="0"/>
        <line num="231" type="stmt" count="0"/>
        <line num="232" type="stmt" count="0"/>
        <line num="233" type="stmt" count="0"/>
        <line num="234" type="stmt" count="0"/>
        <line num="235" type="stmt" count="0"/>
        <line num="236" type="stmt" count="0"/>
        <line num="237" type="stmt" count="0"/>
        <line num="238" type="stmt" count="0"/>
        <line num="239" type="stmt" count="0"/>
        <line num="240" type="stmt" count="0"/>
        <line num="241" type="stmt" count="0"/>
        <line num="242" type="stmt" count="0"/>
        <line num="243" type="stmt" count="0"/>
        <line num="244" type="stmt" count="0"/>
        <line num="245" type="stmt" count="0"/>
        <line num="247" type="stmt" count="0"/>
        <line num="248" type="stmt" count="0"/>
        <line num="249" type="stmt" count="0"/>
        <line num="250" type="stmt" count="0"/>
        <line num="252" type="stmt" count="0"/>
        <metrics loc="254" ncloc="209" classes="1" methods="7" coveredmethods="0" conditionals="0" coveredconditionals="0" statements="113" coveredstatements="0" elements="120" coveredelements="0"/>
      </file>
    </package>
    <package name="OneLogin\api\util">
      <file name="/home/pitbulk/proyectos/onelogin-php-sdk/src/util/UrlBuilder.php">
        <class name="UrlBuilder" namespace="OneLogin\api\util">
          <metrics complexity="4" methods="3" coveredmethods="0" conditionals="0" coveredconditionals="0" statements="6" coveredstatements="0" elements="9" coveredelements="0"/>
        </class>
        <line num="18" type="method" name="__construct" visibility="public" complexity="1" crap="2" count="0"/>
        <line num="20" type="stmt" count="0"/>
        <line num="21" type="stmt" count="0"/>
        <line num="23" type="method" name="getRegion" visibility="public" complexity="1" crap="2" count="0"/>
        <line num="25" type="stmt" count="0"/>
        <line num="28" type="method" name="getURL" visibility="public" complexity="2" crap="6" count="0"/>
        <line num="30" type="stmt" count="0"/>
        <line num="31" type="stmt" count="0"/>
        <line num="33" type="stmt" count="0"/>
        <metrics loc="36" ncloc="27" classes="1" methods="3" coveredmethods="0" conditionals="0" coveredconditionals="0" statements="6" coveredstatements="0" elements="9" coveredelements="0"/>
      </file>
    </package>
    <metrics files="15" loc="3143" ncloc="2510" classes="15" methods="109" coveredmethods="0" conditionals="0" coveredconditionals="0" statements="1357" coveredstatements="0" elements="1466" coveredelements="0"/>
  </project>
</coverage>
